d:\c++ code\wind\windwinnet\debug\vc140.pdb
d:\c++ code\wind\windwinnet\debug\vc140.idb
d:\c++ code\wind\windwinnet\debug\connection.obj
d:\c++ code\wind\windwinnet\debug\connector.obj
d:\c++ code\wind\windwinnet\debug\iocpctrl.obj
d:\c++ code\wind\windwinnet\debug\listener.obj
d:\c++ code\wind\windwinnet\debug\main.obj
d:\c++ code\wind\windwinnet\debug\simple_loop_buffer.obj
d:\c++ code\wind\windwinnet\debug\sock.obj
d:\c++ code\wind\windwinnet\debug\netwin.obj
d:\c++ code\wind\windwinnet\debug\net_config.obj
d:\c++ code\wind\windwinnet\debug\bufpool.obj
d:\c++ code\wind\windwinnet\debug\conn_data_allocator.obj
d:\c++ code\wind\windwinnet\debug\conn_data_mgr.obj
d:\c++ code\wind\windwinnet\debug\windwinnet.vcxprojresolveassemblyreference.cache
d:\c++ code\wind\debug\windwinnet.pdb
d:\c++ code\wind\debug\windwinnet.exe
d:\c++ code\wind\debug\windwinnet.ilk
d:\c++ code\wind\windwinnet\debug\windwinnet.tlog\cl.command.1.tlog
d:\c++ code\wind\windwinnet\debug\windwinnet.tlog\cl.read.1.tlog
d:\c++ code\wind\windwinnet\debug\windwinnet.tlog\cl.write.1.tlog
d:\c++ code\wind\windwinnet\debug\windwinnet.tlog\link.command.1.tlog
d:\c++ code\wind\windwinnet\debug\windwinnet.tlog\link.read.1.tlog
d:\c++ code\wind\windwinnet\debug\windwinnet.tlog\link.write.1.tlog
