  rand_tool.cpp
  time.cpp
  event.cpp
  event_timer.cpp
  event_timer_test.cpp
  log.cpp
  main.cpp
  buf.cpp
  pool.cpp
C:\C++\C-Code\classic\classic\common\rand_tool.cpp(21,22): warning C4018: '<': signed/unsigned mismatch
  pool_test.cpp
C:\C++\C-Code\classic\classic\mem_pool\pool.cpp(51,30): warning C4018: '>=': signed/unsigned mismatch
  rb_tree.cpp
C:\C++\C-Code\classic\classic\mem_pool\pool_test.cpp(123,22): warning C4018: '<': signed/unsigned mismatch
  rb_tree_test.cpp
C:\C++\C-Code\classic\classic\rbtree\rb_tree.cpp(289,17): warning C4244: 'initializing': conversion from 'int64' to 'int32', possible loss of data
  Generating Code...
C:\C++\C-Code\classic\classic\rbtree\rb_tree_test.cpp(245,2): warning C4018: '<': signed/unsigned mismatch
C:\C++\C-Code\classic\classic\event\event_timer.cpp(28): error C4716: 'FindExpireTimer': must return a value
C:\C++\C-Code\classic\classic\event\event_timer.cpp(15): error C4716: 'DelTimer': must return a value
C:\C++\C-Code\classic\classic\event\event_timer.cpp(33): error C4716: 'DealExpireTimer': must return a value
C:\C++\C-Code\classic\classic\event\event_timer.cpp(10): error C4716: 'AddTimer': must return a value
C:\C++\C-Code\classic\classic\event\event_timer.cpp(38): error C4716: 'IsLeftExpireTimer': must return a value
