d:\c++code\wind\windwinnet\x64\debug\windwinnet.pdb
d:\c++code\wind\windwinnet\x64\debug\windwinnet.idb
d:\c++code\wind\windwinnet\x64\debug\bufpool.obj
d:\c++code\wind\windwinnet\x64\debug\conndatamgr.obj
d:\c++code\wind\windwinnet\x64\debug\connectctrl.obj
d:\c++code\wind\windwinnet\x64\debug\connection.obj
d:\c++code\wind\windwinnet\x64\debug\connector.obj
d:\c++code\wind\windwinnet\x64\debug\cpsock.obj
d:\c++code\wind\windwinnet\x64\debug\iocpctrl.obj
d:\c++code\wind\windwinnet\x64\debug\winnet.obj
d:\c++code\wind\windwinnet\x64\debug\listener.obj
c:\c++\c-code\wind\windwinnet\x64\debug\windwinnet.pdb
c:\c++\c-code\wind\windwinnet\x64\debug\windwinnet.idb
c:\c++\c-code\wind\windwinnet\x64\debug\bufpool.obj
c:\c++\c-code\wind\windwinnet\x64\debug\conndatamgr.obj
c:\c++\c-code\wind\windwinnet\x64\debug\connector.obj
c:\c++\c-code\wind\windwinnet\x64\debug\event_mgr.obj
c:\c++\c-code\wind\windwinnet\x64\debug\loop_buf.obj
c:\c++\c-code\wind\windwinnet\x64\debug\net_event.obj
c:\c++\c-code\wind\windwinnet\x64\debug\winnet.obj
c:\c++\c-code\wind\windwinnet\x64\debug\connection.obj
c:\c++\c-code\wind\windwinnet\x64\debug\cpsock.obj
c:\c++\c-code\wind\windwinnet\x64\debug\iocpctrl.obj
c:\c++\c-code\wind\windwinnet\x64\debug\connectctrl.obj
c:\c++\c-code\wind\windwinnet\x64\debug\listener.obj
d:\c++code\wind\windlib\windwinnet.lib
c:\c++\c-code\wind\windwinnet\x64\debug\windwinnet.vcxprojresolveassemblyreference.cache
c:\c++\c-code\wind\windwinnet\../windlib/windwinnet.lib
c:\c++\c-code\wind\windwinnet\x64\debug\windwinnet.tlog\cl.command.1.tlog
c:\c++\c-code\wind\windwinnet\x64\debug\windwinnet.tlog\cl.read.1.tlog
c:\c++\c-code\wind\windwinnet\x64\debug\windwinnet.tlog\cl.write.1.tlog
c:\c++\c-code\wind\windwinnet\x64\debug\windwinnet.tlog\lib-link.read.1.tlog
c:\c++\c-code\wind\windwinnet\x64\debug\windwinnet.tlog\lib-link.write.1.tlog
c:\c++\c-code\wind\windwinnet\x64\debug\windwinnet.tlog\lib.command.1.tlog
