2019-05-12 15:28:32,152 [DEBUG] main.cpp:12 | test
2019-05-12 15:28:35,7 [TRACE] listener.cpp:73 | accept successful!!!
2019-05-12 15:28:35,11 [TRACE] listener.cpp:108 | local ip : 2.0.31.153 port : 8089
2019-05-12 15:28:35,15 [TRACE] listener.cpp:111 | remote ip : 2.0.214.98 port : 54882
2019-05-12 15:28:35,108 [DEBUG] cpsock.cpp:53 | recv data : hello world.
2019-05-12 15:32:00,166 [DEBUG] main.cpp:12 | test
2019-05-12 15:32:21,544 [TRACE] listener.cpp:73 | accept successful!!!
2019-05-12 15:32:21,547 [TRACE] listener.cpp:108 | local ip : 2.0.31.153 port : 8089
2019-05-12 15:32:21,551 [TRACE] listener.cpp:111 | remote ip : 2.0.214.224 port : 55008
2019-05-12 15:32:21,644 [DEBUG] cpsock.cpp:53 | recv data : hello world.
2019-05-12 15:33:07,398 [DEBUG] main.cpp:12 | test
2019-05-12 15:34:30,917 [DEBUG] main.cpp:12 | test
2019-05-12 15:34:34,801 [TRACE] listener.cpp:73 | accept successful!!!
2019-05-12 15:34:34,804 [TRACE] listener.cpp:108 | local ip : 2.0.31.153 port : 8089
2019-05-12 15:34:34,809 [TRACE] listener.cpp:111 | remote ip : 2.0.215.143 port : 55183
2019-05-12 15:34:34,880 [DEBUG] cpsock.cpp:53 | recv data : hello world.
2019-05-12 15:36:44,821 [DEBUG] main.cpp:12 | test
2019-05-12 15:36:47,690 [TRACE] listener.cpp:73 | accept successful!!!
2019-05-12 15:36:47,693 [TRACE] listener.cpp:108 | local ip : 2.0.31.153 port : 8089
2019-05-12 15:36:47,697 [TRACE] listener.cpp:111 | remote ip : 2.0.216.1 port : 55297
2019-05-12 15:36:47,793 [DEBUG] cpsock.cpp:53 | recv data : hello world.
2019-05-12 15:42:05,991 [DEBUG] main.cpp:12 | test
2019-05-12 15:42:06,382 [TRACE] listener.cpp:73 | accept successful!!!
2019-05-12 15:42:06,386 [TRACE] listener.cpp:108 | local ip : 2.0.31.153 port : 8089
2019-05-12 15:42:06,390 [TRACE] listener.cpp:111 | remote ip : 2.0.216.138 port : 55434
2019-05-12 15:42:06,487 [DEBUG] cpsock.cpp:53 | recv data : hello world.
2019-05-12 15:42:06,591 [DEBUG] cpsock.cpp:53 | recv data : hello world.
2019-05-12 15:42:06,696 [DEBUG] cpsock.cpp:53 | recv data : hello world.
2019-05-12 15:42:06,803 [DEBUG] cpsock.cpp:53 | recv data : hello world.
2019-05-12 15:42:06,908 [DEBUG] cpsock.cpp:53 | recv data : hello world.
2019-05-12 15:42:07,13 [DEBUG] cpsock.cpp:53 | recv data : hello world.
2019-05-12 15:42:07,117 [DEBUG] cpsock.cpp:53 | recv data : hello world.
2019-05-12 15:42:07,222 [DEBUG] cpsock.cpp:53 | recv data : hello world.
2019-05-12 15:42:07,327 [DEBUG] cpsock.cpp:53 | recv data : hello world.
2019-05-12 15:42:07,432 [DEBUG] cpsock.cpp:53 | recv data : hello world.
2019-05-12 15:42:07,541 [DEBUG] cpsock.cpp:53 | recv data : hello world.
2019-05-12 15:42:07,649 [DEBUG] cpsock.cpp:53 | recv data : hello world.
2019-05-12 15:42:07,761 [DEBUG] cpsock.cpp:53 | recv data : hello world.
2019-05-12 15:42:07,871 [DEBUG] cpsock.cpp:53 | recv data : hello world.
2019-05-12 15:42:07,976 [DEBUG] cpsock.cpp:53 | recv data : hello world.
2019-05-12 15:42:08,84 [DEBUG] cpsock.cpp:53 | recv data : hello world.
2019-05-12 15:42:08,189 [DEBUG] cpsock.cpp:53 | recv data : hello world.
2019-05-12 15:42:08,293 [DEBUG] cpsock.cpp:53 | recv data : hello world.
2019-05-12 15:42:08,397 [DEBUG] cpsock.cpp:53 | recv data : hello world.
2019-05-12 15:42:08,502 [DEBUG] cpsock.cpp:53 | recv data : hello world.
2019-05-12 15:42:08,607 [DEBUG] cpsock.cpp:53 | recv data : hello world.
2019-05-12 15:42:08,711 [DEBUG] cpsock.cpp:53 | recv data : hello world.
2019-05-12 15:42:08,816 [DEBUG] cpsock.cpp:53 | recv data : hello world.
2019-05-12 15:42:08,920 [DEBUG] cpsock.cpp:53 | recv data : hello world.
2019-05-12 15:42:09,25 [DEBUG] cpsock.cpp:53 | recv data : hello world.
2019-05-12 15:42:09,129 [DEBUG] cpsock.cpp:53 | recv data : hello world.
2019-05-12 15:42:09,234 [DEBUG] cpsock.cpp:53 | recv data : hello world.
2019-05-12 15:42:09,339 [DEBUG] cpsock.cpp:53 | recv data : hello world.
2019-05-12 15:42:09,445 [DEBUG] cpsock.cpp:53 | recv data : hello world.
2019-05-12 15:42:09,556 [DEBUG] cpsock.cpp:53 | recv data : hello world.
2019-05-12 15:42:09,661 [DEBUG] cpsock.cpp:53 | recv data : hello world.
2019-05-12 15:42:09,765 [DEBUG] cpsock.cpp:53 | recv data : hello world.
2019-05-12 15:42:09,869 [DEBUG] cpsock.cpp:53 | recv data : hello world.
2019-05-12 15:42:09,974 [DEBUG] cpsock.cpp:53 | recv data : hello world.
2019-05-12 15:42:10,79 [DEBUG] cpsock.cpp:53 | recv data : hello world.
2019-05-12 15:42:10,183 [DEBUG] cpsock.cpp:53 | recv data : hello world.
2019-05-12 15:42:10,287 [DEBUG] cpsock.cpp:53 | recv data : hello world.
2019-05-12 15:42:10,392 [DEBUG] cpsock.cpp:53 | recv data : hello world.
2019-05-12 15:42:10,497 [DEBUG] cpsock.cpp:53 | recv data : hello world.
2019-05-12 15:42:10,601 [DEBUG] cpsock.cpp:53 | recv data : hello world.
2019-05-12 15:42:10,705 [DEBUG] cpsock.cpp:53 | recv data : hello world.
2019-05-12 15:42:10,811 [DEBUG] cpsock.cpp:53 | recv data : hello world.
2019-05-12 15:42:10,921 [DEBUG] cpsock.cpp:53 | recv data : hello world.
2019-05-12 15:42:11,26 [DEBUG] cpsock.cpp:53 | recv data : hello world.
2019-05-12 15:42:11,131 [DEBUG] cpsock.cpp:53 | recv data : hello world.
2019-05-12 15:42:11,236 [DEBUG] cpsock.cpp:53 | recv data : hello world.
2019-05-12 15:42:11,341 [DEBUG] cpsock.cpp:53 | recv data : hello world.
2019-05-12 15:42:11,446 [DEBUG] cpsock.cpp:53 | recv data : hello world.
2019-05-12 15:42:11,551 [DEBUG] cpsock.cpp:53 | recv data : hello world.
2019-05-12 15:42:11,656 [DEBUG] cpsock.cpp:53 | recv data : hello world.
2019-05-12 15:42:11,761 [DEBUG] cpsock.cpp:53 | recv data : hello world.
2019-05-12 15:42:11,866 [DEBUG] cpsock.cpp:53 | recv data : hello world.
2019-05-12 15:42:11,971 [DEBUG] cpsock.cpp:53 | recv data : hello world.
2019-05-12 15:42:12,79 [DEBUG] cpsock.cpp:53 | recv data : hello world.
2019-05-12 15:42:12,187 [DEBUG] cpsock.cpp:53 | recv data : hello world.
2019-05-12 15:42:12,295 [DEBUG] cpsock.cpp:53 | recv data : hello world.
2019-05-12 15:42:12,403 [DEBUG] cpsock.cpp:53 | recv data : hello world.
2019-05-12 15:42:12,508 [DEBUG] cpsock.cpp:53 | recv data : hello world.
2019-05-12 15:42:12,613 [DEBUG] cpsock.cpp:53 | recv data : hello world.
2019-05-12 15:42:12,718 [DEBUG] cpsock.cpp:53 | recv data : hello world.
2019-05-12 15:42:12,822 [DEBUG] cpsock.cpp:53 | recv data : hello world.
2019-05-12 15:42:12,927 [DEBUG] cpsock.cpp:53 | recv data : hello world.
2019-05-12 15:42:13,32 [DEBUG] cpsock.cpp:53 | recv data : hello world.
2019-05-12 15:42:13,137 [DEBUG] cpsock.cpp:53 | recv data : hello world.
2019-05-12 15:42:13,241 [DEBUG] cpsock.cpp:53 | recv data : hello world.
2019-05-12 15:42:13,347 [DEBUG] cpsock.cpp:53 | recv data : hello world.
2019-05-12 15:42:13,457 [DEBUG] cpsock.cpp:53 | recv data : hello world.
2019-05-12 15:42:13,562 [DEBUG] cpsock.cpp:53 | recv data : hello world.
2019-05-12 15:42:13,667 [DEBUG] cpsock.cpp:53 | recv data : hello world.
2019-05-12 15:42:13,772 [DEBUG] cpsock.cpp:53 | recv data : hello world.
2019-05-12 15:42:13,876 [DEBUG] cpsock.cpp:53 | recv data : hello world.
2019-05-12 15:42:13,981 [DEBUG] cpsock.cpp:53 | recv data : hello world.
2019-05-12 15:42:14,85 [DEBUG] cpsock.cpp:53 | recv data : hello world.
2019-05-12 15:42:14,190 [DEBUG] cpsock.cpp:53 | recv data : hello world.
2019-05-12 15:42:14,295 [DEBUG] cpsock.cpp:53 | recv data : hello world.
2019-05-12 15:42:14,400 [DEBUG] cpsock.cpp:53 | recv data : hello world.
2019-05-12 15:42:14,504 [DEBUG] cpsock.cpp:53 | recv data : hello world.
2019-05-12 15:42:14,609 [DEBUG] cpsock.cpp:53 | recv data : hello world.
2019-05-12 15:42:14,714 [DEBUG] cpsock.cpp:53 | recv data : hello world.
2019-05-12 15:42:14,818 [DEBUG] cpsock.cpp:53 | recv data : hello world.
2019-05-12 15:42:14,923 [DEBUG] cpsock.cpp:53 | recv data : hello world.
2019-05-12 15:42:15,28 [DEBUG] cpsock.cpp:53 | recv data : hello world.
2019-05-12 15:42:15,133 [DEBUG] cpsock.cpp:53 | recv data : hello world.
2019-05-12 15:42:15,238 [DEBUG] cpsock.cpp:53 | recv data : hello world.
2019-05-12 15:42:15,343 [DEBUG] cpsock.cpp:53 | recv data : hello world.
2019-05-12 15:42:15,447 [DEBUG] cpsock.cpp:53 | recv data : hello world.
2019-05-12 15:42:15,551 [DEBUG] cpsock.cpp:53 | recv data : hello world.
2019-05-12 15:42:15,656 [DEBUG] cpsock.cpp:53 | recv data : hello world.
2019-05-12 15:42:15,761 [DEBUG] cpsock.cpp:53 | recv data : hello world.
2019-05-12 15:42:15,866 [DEBUG] cpsock.cpp:53 | recv data : hello world.
2019-05-12 15:42:15,970 [DEBUG] cpsock.cpp:53 | recv data : hello world.
2019-05-12 15:42:16,75 [DEBUG] cpsock.cpp:53 | recv data : hello world.
2019-05-12 15:42:16,179 [DEBUG] cpsock.cpp:53 | recv data : hello world.
2019-05-12 15:42:16,284 [DEBUG] cpsock.cpp:53 | recv data : hello world.
2019-05-12 15:42:16,389 [DEBUG] cpsock.cpp:53 | recv data : hello world.
2019-05-12 15:42:16,494 [DEBUG] cpsock.cpp:53 | recv data : hello world.
2019-05-12 15:42:16,598 [DEBUG] cpsock.cpp:53 | recv data : hello world.
2019-05-12 15:42:16,710 [DEBUG] cpsock.cpp:53 | recv data : hello world.
2019-05-12 15:42:16,819 [DEBUG] cpsock.cpp:53 | recv data : hello world.
2019-05-12 15:42:16,928 [DEBUG] cpsock.cpp:53 | recv data : hello world.
2019-05-12 15:42:17,37 [DEBUG] cpsock.cpp:53 | recv data : hello world.
2019-05-12 15:42:17,146 [DEBUG] cpsock.cpp:53 | recv data : hello world.
2019-05-12 15:42:17,255 [DEBUG] cpsock.cpp:53 | recv data : hello world.
2019-05-12 15:42:17,364 [DEBUG] cpsock.cpp:53 | recv data : hello world.
2019-05-12 15:42:17,471 [DEBUG] cpsock.cpp:53 | recv data : hello world.
2019-05-12 15:42:17,583 [DEBUG] cpsock.cpp:53 | recv data : hello world.
2019-05-12 15:42:17,688 [DEBUG] cpsock.cpp:53 | recv data : hello world.
2019-05-12 15:42:17,793 [DEBUG] cpsock.cpp:53 | recv data : hello world.
2019-05-12 15:42:17,897 [DEBUG] cpsock.cpp:53 | recv data : hello world.
2019-05-12 15:42:18,2 [DEBUG] cpsock.cpp:53 | recv data : hello world.
2019-05-12 15:42:18,107 [DEBUG] cpsock.cpp:53 | recv data : hello world.
2019-05-12 15:42:18,212 [DEBUG] cpsock.cpp:53 | recv data : hello world.
2019-05-12 15:42:18,317 [DEBUG] cpsock.cpp:53 | recv data : hello world.
2019-05-12 15:42:18,422 [DEBUG] cpsock.cpp:53 | recv data : hello world.
2019-05-12 15:42:18,527 [DEBUG] cpsock.cpp:53 | recv data : hello world.
2019-05-12 15:42:18,632 [DEBUG] cpsock.cpp:53 | recv data : hello world.
2019-05-12 15:42:18,736 [DEBUG] cpsock.cpp:53 | recv data : hello world.
2019-05-12 15:42:18,840 [DEBUG] cpsock.cpp:53 | recv data : hello world.
2019-05-12 15:42:18,944 [DEBUG] cpsock.cpp:53 | recv data : hello world.
2019-05-12 15:42:19,49 [DEBUG] cpsock.cpp:53 | recv data : hello world.
2019-05-12 15:42:19,154 [DEBUG] cpsock.cpp:53 | recv data : hello world.
2019-05-12 15:42:19,260 [DEBUG] cpsock.cpp:53 | recv data : hello world.
2019-05-12 15:42:19,365 [DEBUG] cpsock.cpp:53 | recv data : hello world.
2019-05-12 15:42:19,471 [DEBUG] cpsock.cpp:53 | recv data : hello world.
2019-05-12 15:42:19,576 [DEBUG] cpsock.cpp:53 | recv data : hello world.
2019-05-12 15:42:19,682 [DEBUG] cpsock.cpp:53 | recv data : hello world.
2019-05-12 15:42:19,786 [DEBUG] cpsock.cpp:53 | recv data : hello world.
2019-05-12 15:42:19,891 [DEBUG] cpsock.cpp:53 | recv data : hello world.
2019-05-12 15:42:19,996 [DEBUG] cpsock.cpp:53 | recv data : hello world.
2019-05-12 15:42:20,101 [DEBUG] cpsock.cpp:53 | recv data : hello world.
2019-05-12 15:42:20,206 [DEBUG] cpsock.cpp:53 | recv data : hello world.
2019-05-12 15:42:20,311 [DEBUG] cpsock.cpp:53 | recv data : hello world.
2019-05-12 15:42:20,415 [DEBUG] cpsock.cpp:53 | recv data : hello world.
2019-05-12 15:42:20,521 [DEBUG] cpsock.cpp:53 | recv data : hello world.
2019-05-12 15:42:20,626 [DEBUG] cpsock.cpp:53 | recv data : hello world.
2019-05-12 15:42:20,731 [DEBUG] cpsock.cpp:53 | recv data : hello world.
2019-05-12 15:42:20,835 [DEBUG] cpsock.cpp:53 | recv data : hello world.
2019-05-12 15:42:20,941 [DEBUG] cpsock.cpp:53 | recv data : hello world.
2019-05-12 15:42:21,48 [DEBUG] cpsock.cpp:53 | recv data : hello world.
2019-05-12 15:42:21,153 [DEBUG] cpsock.cpp:53 | recv data : hello world.
2019-05-12 15:42:21,258 [DEBUG] cpsock.cpp:53 | recv data : hello world.
2019-05-12 15:42:21,362 [DEBUG] cpsock.cpp:53 | recv data : hello world.
2019-05-12 15:42:21,467 [DEBUG] cpsock.cpp:53 | recv data : hello world.
2019-05-12 15:42:21,572 [DEBUG] cpsock.cpp:53 | recv data : hello world.
2019-05-12 15:42:21,677 [DEBUG] cpsock.cpp:53 | recv data : hello world.
2019-05-12 15:42:21,782 [DEBUG] cpsock.cpp:53 | recv data : hello world.
2019-05-12 15:42:21,890 [DEBUG] cpsock.cpp:53 | recv data : hello world.
2019-05-12 15:42:21,998 [DEBUG] cpsock.cpp:53 | recv data : hello world.
2019-05-12 15:42:22,106 [DEBUG] cpsock.cpp:53 | recv data : hello world.
2019-05-12 15:42:22,216 [DEBUG] cpsock.cpp:53 | recv data : hello world.
2019-05-12 15:42:22,323 [DEBUG] cpsock.cpp:53 | recv data : hello world.
2019-05-12 15:42:22,428 [DEBUG] cpsock.cpp:53 | recv data : hello world.
2019-05-12 15:42:22,533 [DEBUG] cpsock.cpp:53 | recv data : hello world.
2019-05-12 15:42:22,638 [DEBUG] cpsock.cpp:53 | recv data : hello world.
2019-05-12 15:42:22,742 [DEBUG] cpsock.cpp:53 | recv data : hello world.
2019-05-12 15:42:22,847 [DEBUG] cpsock.cpp:53 | recv data : hello world.
2019-05-12 15:42:22,957 [DEBUG] cpsock.cpp:53 | recv data : hello world.
2019-05-12 15:42:23,62 [DEBUG] cpsock.cpp:53 | recv data : hello world.
2019-05-12 15:42:23,167 [DEBUG] cpsock.cpp:53 | recv data : hello world.
2019-05-12 15:42:23,272 [DEBUG] cpsock.cpp:53 | recv data : hello world.
2019-05-12 15:42:23,377 [DEBUG] cpsock.cpp:53 | recv data : hello world.
2019-05-12 15:42:23,482 [DEBUG] cpsock.cpp:53 | recv data : hello world.
2019-05-12 15:42:23,586 [DEBUG] cpsock.cpp:53 | recv data : hello world.
2019-05-12 15:42:23,691 [DEBUG] cpsock.cpp:53 | recv data : hello world.
2019-05-12 15:42:23,795 [DEBUG] cpsock.cpp:53 | recv data : hello world.
2019-05-12 15:42:23,899 [DEBUG] cpsock.cpp:53 | recv data : hello world.
2019-05-12 15:42:24,4 [DEBUG] cpsock.cpp:53 | recv data : hello world.
2019-05-12 15:42:24,109 [DEBUG] cpsock.cpp:53 | recv data : hello world.
2019-05-12 15:42:24,214 [DEBUG] cpsock.cpp:53 | recv data : hello world.
2019-05-12 15:42:24,319 [DEBUG] cpsock.cpp:53 | recv data : hello world.
2019-05-12 15:42:24,424 [DEBUG] cpsock.cpp:53 | recv data : hello world.
2019-05-12 15:42:24,529 [DEBUG] cpsock.cpp:53 | recv data : hello world.
2019-05-12 15:42:24,633 [DEBUG] cpsock.cpp:53 | recv data : hello world.
2019-05-12 15:42:24,738 [DEBUG] cpsock.cpp:53 | recv data : hello world.
2019-05-12 15:42:24,843 [DEBUG] cpsock.cpp:53 | recv data : hello world.
2019-05-12 15:42:24,947 [DEBUG] cpsock.cpp:53 | recv data : hello world.
2019-05-12 15:42:25,52 [DEBUG] cpsock.cpp:53 | recv data : hello world.
2019-05-12 15:42:25,157 [DEBUG] cpsock.cpp:53 | recv data : hello world.
2019-05-12 15:42:25,262 [DEBUG] cpsock.cpp:53 | recv data : hello world.
2019-05-12 15:42:25,366 [DEBUG] cpsock.cpp:53 | recv data : hello world.
2019-05-12 15:42:25,470 [DEBUG] cpsock.cpp:53 | recv data : hello world.
2019-05-12 15:42:25,575 [DEBUG] cpsock.cpp:53 | recv data : hello world.
2019-05-12 15:42:25,680 [DEBUG] cpsock.cpp:53 | recv data : hello world.
2019-05-12 15:42:25,785 [DEBUG] cpsock.cpp:53 | recv data : hello world.
2019-05-12 15:42:25,890 [DEBUG] cpsock.cpp:53 | recv data : hello world.
2019-05-12 15:42:25,994 [DEBUG] cpsock.cpp:53 | recv data : hello world.
2019-05-12 15:42:26,98 [DEBUG] cpsock.cpp:53 | recv data : hello world.
2019-05-12 15:42:26,202 [DEBUG] cpsock.cpp:53 | recv data : hello world.
2019-05-12 15:42:26,307 [DEBUG] cpsock.cpp:53 | recv data : hello world.
2019-05-12 15:42:26,412 [DEBUG] cpsock.cpp:53 | recv data : hello world.
2019-05-12 15:42:26,522 [DEBUG] cpsock.cpp:53 | recv data : hello world.
2019-05-12 15:42:26,632 [DEBUG] cpsock.cpp:53 | recv data : hello world.
2019-05-12 15:42:26,741 [DEBUG] cpsock.cpp:53 | recv data : hello world.
2019-05-12 15:42:26,846 [DEBUG] cpsock.cpp:53 | recv data : hello world.
2019-05-12 15:42:26,950 [DEBUG] cpsock.cpp:53 | recv data : hello world.
2019-05-12 15:42:27,56 [DEBUG] cpsock.cpp:53 | recv data : hello world.
2019-05-12 15:42:27,161 [DEBUG] cpsock.cpp:53 | recv data : hello world.
2019-05-12 15:42:27,266 [DEBUG] cpsock.cpp:53 | recv data : hello world.
2019-05-12 15:42:27,374 [DEBUG] cpsock.cpp:53 | recv data : hello world.
2019-05-12 15:42:27,479 [DEBUG] cpsock.cpp:53 | recv data : hello world.
2019-05-12 15:42:27,584 [DEBUG] cpsock.cpp:53 | recv data : hello world.
2019-05-12 15:42:27,690 [DEBUG] cpsock.cpp:53 | recv data : hello world.
2019-05-12 15:42:27,795 [DEBUG] cpsock.cpp:53 | recv data : hello world.
2019-05-12 15:42:27,901 [DEBUG] cpsock.cpp:53 | recv data : hello world.
2019-05-12 15:42:28,6 [DEBUG] cpsock.cpp:53 | recv data : hello world.
2019-05-12 15:42:28,111 [DEBUG] cpsock.cpp:53 | recv data : hello world.
2019-05-12 15:42:28,216 [DEBUG] cpsock.cpp:53 | recv data : hello world.
2019-05-12 15:42:28,321 [DEBUG] cpsock.cpp:53 | recv data : hello world.
2019-05-12 15:42:28,426 [DEBUG] cpsock.cpp:53 | recv data : hello world.
2019-05-12 15:42:28,530 [DEBUG] cpsock.cpp:53 | recv data : hello world.
2019-05-12 15:42:28,635 [DEBUG] cpsock.cpp:53 | recv data : hello world.
2019-05-12 15:42:28,740 [DEBUG] cpsock.cpp:53 | recv data : hello world.
2019-05-12 15:42:28,845 [DEBUG] cpsock.cpp:53 | recv data : hello world.
2019-05-12 15:42:28,949 [DEBUG] cpsock.cpp:53 | recv data : hello world.
2019-05-12 15:42:29,55 [DEBUG] cpsock.cpp:53 | recv data : hello world.
2019-05-12 15:42:29,161 [DEBUG] cpsock.cpp:53 | recv data : hello world.
2019-05-12 15:42:29,266 [DEBUG] cpsock.cpp:53 | recv data : hello world.
2019-05-12 15:42:29,371 [DEBUG] cpsock.cpp:53 | recv data : hello world.
2019-05-12 15:42:29,475 [DEBUG] cpsock.cpp:53 | recv data : hello world.
2019-05-12 15:42:29,580 [DEBUG] cpsock.cpp:53 | recv data : hello world.
2019-05-12 15:42:29,684 [DEBUG] cpsock.cpp:53 | recv data : hello world.
2019-05-12 15:42:29,789 [DEBUG] cpsock.cpp:53 | recv data : hello world.
2019-05-12 15:42:29,895 [DEBUG] cpsock.cpp:53 | recv data : hello world.
2019-05-12 15:42:30,0 [DEBUG] cpsock.cpp:53 | recv data : hello world.
2019-05-12 15:42:30,105 [DEBUG] cpsock.cpp:53 | recv data : hello world.
2019-05-12 15:42:30,211 [DEBUG] cpsock.cpp:53 | recv data : hello world.
2019-05-12 15:42:30,315 [DEBUG] cpsock.cpp:53 | recv data : hello world.
2019-05-12 15:42:30,419 [DEBUG] cpsock.cpp:53 | recv data : hello world.
2019-05-12 15:42:30,524 [DEBUG] cpsock.cpp:53 | recv data : hello world.
2019-05-12 15:42:30,629 [DEBUG] cpsock.cpp:53 | recv data : hello world.
2019-05-12 15:42:30,733 [DEBUG] cpsock.cpp:53 | recv data : hello world.
2019-05-12 15:42:30,839 [DEBUG] cpsock.cpp:53 | recv data : hello world.
2019-05-12 15:42:30,945 [DEBUG] cpsock.cpp:53 | recv data : hello world.
2019-05-12 15:42:31,59 [DEBUG] cpsock.cpp:53 | recv data : hello world.
2019-05-12 15:42:31,167 [DEBUG] cpsock.cpp:53 | recv data : hello world.
2019-05-12 15:42:31,279 [DEBUG] cpsock.cpp:53 | recv data : hello world.
2019-05-12 15:42:31,388 [DEBUG] cpsock.cpp:53 | recv data : hello world.
2019-05-12 15:42:31,496 [DEBUG] cpsock.cpp:53 | recv data : hello world.
2019-05-12 15:42:31,601 [DEBUG] cpsock.cpp:53 | recv data : hello world.
