2019-05-19 22:07:03,977 [DEBUG] main.cpp:12 | test
2019-05-19 22:07:14,374 [TRACE] listener.cpp:73 | accept successful!!!
2019-05-19 22:07:14,377 [TRACE] listener.cpp:109 | local ip : 2.0.31.153 port : 8089
2019-05-19 22:07:14,382 [TRACE] listener.cpp:112 | remote ip : 2.0.193.113 port : 49521
2019-05-19 22:07:17,501 [DEBUG] cpsock.cpp:80 | send successful. content : hello world.
2019-05-19 22:07:17,501 [DEBUG] cpsock.cpp:53 | recv data : hello world.
2019-05-19 22:07:17,509 [DEBUG] server_session.cpp:23 | server session recv successful!!! msg : hello world.
2019-05-19 22:07:24,375 [DEBUG] cpsock.cpp:53 | recv data : hello world.
2019-05-19 22:07:27,515 [DEBUG] cpsock.cpp:80 | send successful. content : hello world.
2019-05-19 22:07:27,518 [DEBUG] server_session.cpp:23 | server session recv successful!!! msg : hello world.
2019-05-19 22:07:34,375 [DEBUG] cpsock.cpp:53 | recv data : hello world.
2019-05-19 22:07:37,523 [DEBUG] cpsock.cpp:80 | send successful. content : hello world.
2019-05-19 22:07:37,527 [DEBUG] server_session.cpp:23 | server session recv successful!!! msg : hello world.
2019-05-19 22:07:44,376 [DEBUG] cpsock.cpp:53 | recv data : hello world.
2019-05-19 22:07:45,441 [ERROR] iocpctrl.cpp:74 | GetQueuedCompletionStatus failed. ret : 0 error : 64
2019-05-19 22:07:47,531 [ERROR] cpsock.cpp:91 | socket error : 10054
2019-05-19 22:07:47,535 [DEBUG] server_session.cpp:23 | server session recv successful!!! msg : hello world.
2019-05-19 22:07:57,539 [ERROR] cpsock.cpp:91 | socket error : 10054
2019-05-19 22:08:14,898 [TRACE] listener.cpp:73 | accept successful!!!
2019-05-19 22:08:14,902 [TRACE] listener.cpp:109 | local ip : 2.0.31.153 port : 8089
2019-05-19 22:08:14,904 [TRACE] listener.cpp:112 | remote ip : 2.0.193.151 port : 49559
2019-05-19 22:08:14,908 [DEBUG] cpsock.cpp:53 | recv data : hello world.
2019-05-19 22:08:14,908 [DEBUG] cpsock.cpp:80 | send successful. content : hello world.
2019-05-19 22:08:14,912 [DEBUG] server_session.cpp:23 | server session recv successful!!! msg : hello world.
2019-05-19 22:08:24,899 [DEBUG] cpsock.cpp:53 | recv data : hello world.
2019-05-19 22:08:24,918 [DEBUG] cpsock.cpp:80 | send successful. content : hello world.
2019-05-19 22:08:24,925 [DEBUG] server_session.cpp:23 | server session recv successful!!! msg : hello world.
2019-05-19 22:08:34,899 [DEBUG] cpsock.cpp:53 | recv data : hello world.
2019-05-19 22:08:34,934 [DEBUG] cpsock.cpp:80 | send successful. content : hello world.
2019-05-19 22:08:34,944 [DEBUG] server_session.cpp:23 | server session recv successful!!! msg : hello world.
2019-05-19 22:08:44,900 [DEBUG] cpsock.cpp:53 | recv data : hello world.
2019-05-19 22:08:44,956 [DEBUG] cpsock.cpp:80 | send successful. content : hello world.
2019-05-19 22:08:44,963 [DEBUG] server_session.cpp:23 | server session recv successful!!! msg : hello world.
2019-05-19 22:08:54,901 [DEBUG] cpsock.cpp:53 | recv data : hello world.
2019-05-19 22:08:54,973 [DEBUG] cpsock.cpp:80 | send successful. content : hello world.
2019-05-19 22:08:54,978 [DEBUG] server_session.cpp:23 | server session recv successful!!! msg : hello world.
2019-05-19 22:09:04,902 [DEBUG] cpsock.cpp:53 | recv data : hello world.
2019-05-19 22:09:04,987 [DEBUG] cpsock.cpp:80 | send successful. content : hello world.
2019-05-19 22:09:04,993 [DEBUG] server_session.cpp:23 | server session recv successful!!! msg : hello world.
2019-05-19 22:09:14,902 [DEBUG] cpsock.cpp:53 | recv data : hello world.
2019-05-19 22:09:14,999 [DEBUG] cpsock.cpp:80 | send successful. content : hello world.
2019-05-19 22:09:15,6 [DEBUG] server_session.cpp:23 | server session recv successful!!! msg : hello world.
2019-05-19 22:09:24,902 [DEBUG] cpsock.cpp:53 | recv data : hello world.
2019-05-19 22:09:25,18 [DEBUG] cpsock.cpp:80 | send successful. content : hello world.
2019-05-19 22:09:25,24 [DEBUG] server_session.cpp:23 | server session recv successful!!! msg : hello world.
2019-05-19 22:25:59,175 [DEBUG] main.cpp:12 | test
2019-05-19 22:28:38,606 [TRACE] listener.cpp:73 | accept successful!!!
2019-05-19 22:28:38,609 [TRACE] listener.cpp:109 | local ip : 2.0.31.153 port : 8089
2019-05-19 22:28:38,612 [TRACE] listener.cpp:112 | remote ip : 2.0.194.216 port : 49880
2019-05-19 22:28:38,616 [DEBUG] cpsock.cpp:53 | recv data : hello world.
2019-05-19 22:28:38,616 [DEBUG] cpsock.cpp:80 | send successful. content : hello world.
2019-05-19 22:28:38,619 [DEBUG] cpsock.cpp:53 | recv data : hello world. 0
2019-05-19 22:28:38,621 [DEBUG] server_session.cpp:23 | server session recv successful!!! msg : hello world.
2019-05-19 22:28:48,630 [DEBUG] cpsock.cpp:80 | send successful. content : hello world.
2019-05-19 22:28:48,630 [DEBUG] cpsock.cpp:53 | recv data : hello world. 1
2019-05-19 22:28:48,639 [DEBUG] server_session.cpp:23 | server session recv successful!!! msg : hello world. 0
2019-05-19 22:28:58,651 [DEBUG] cpsock.cpp:80 | send successful. content : hello world. 0
2019-05-19 22:28:58,652 [DEBUG] cpsock.cpp:53 | recv data : hello world. 2
2019-05-19 22:28:58,655 [DEBUG] server_session.cpp:23 | server session recv successful!!! msg : hello world. 1
2019-05-19 22:29:08,664 [DEBUG] cpsock.cpp:80 | send successful. content : hello world. 1
2019-05-19 22:29:08,664 [DEBUG] cpsock.cpp:53 | recv data : hello world. 3
2019-05-19 22:29:08,669 [DEBUG] server_session.cpp:23 | server session recv successful!!! msg : hello world. 2
2019-05-19 22:29:16,291 [ERROR] iocpctrl.cpp:74 | GetQueuedCompletionStatus failed. ret : 0 error : 64
2019-05-19 22:29:18,679 [ERROR] cpsock.cpp:91 | socket error : 10054
2019-05-19 22:29:18,686 [DEBUG] server_session.cpp:23 | server session recv successful!!! msg : hello world. 3
2019-05-19 22:29:28,700 [ERROR] cpsock.cpp:91 | socket error : 10054
2019-05-19 22:33:04,87 [DEBUG] main.cpp:12 | test
2019-05-19 22:33:08,386 [TRACE] listener.cpp:73 | accept successful!!!
2019-05-19 22:33:08,390 [TRACE] listener.cpp:109 | local ip : 2.0.31.153 port : 8089
2019-05-19 22:33:08,393 [TRACE] listener.cpp:112 | remote ip : 2.0.195.110 port : 50030
2019-05-19 22:33:08,398 [DEBUG] cpsock.cpp:53 | recv data : hello world. len : 12
2019-05-19 22:33:08,398 [DEBUG] cpsock.cpp:80 | send successful. content : hello world.
2019-05-19 22:33:08,401 [DEBUG] cpsock.cpp:53 | recv data : hello world. 0 len : 14
2019-05-19 22:33:08,403 [DEBUG] server_session.cpp:23 | server session recv successful!!! msg : hello world.
2019-05-19 22:33:18,411 [DEBUG] cpsock.cpp:80 | send successful. content : hello world.
2019-05-19 22:33:18,411 [DEBUG] cpsock.cpp:53 | recv data : hello world. 1 len : 14
2019-05-19 22:33:18,415 [DEBUG] server_session.cpp:23 | server session recv successful!!! msg : hello world. 0
2019-05-19 22:33:28,423 [DEBUG] cpsock.cpp:80 | send successful. content : hello world. 0
2019-05-19 22:33:28,423 [DEBUG] cpsock.cpp:53 | recv data : hello world. 2 len : 14
2019-05-19 22:33:28,428 [DEBUG] server_session.cpp:23 | server session recv successful!!! msg : hello world. 1
2019-05-19 22:33:38,437 [DEBUG] cpsock.cpp:80 | send successful. content : hello world. 1
2019-05-19 22:33:38,437 [DEBUG] cpsock.cpp:53 | recv data : hello world. 3 len : 14
2019-05-19 22:33:38,441 [DEBUG] server_session.cpp:23 | server session recv successful!!! msg : hello world. 2
2019-05-19 22:33:48,449 [DEBUG] cpsock.cpp:80 | send successful. content : hello world. 2
2019-05-19 22:33:48,449 [DEBUG] cpsock.cpp:53 | recv data : hello world. 4 len : 14
2019-05-19 22:33:48,452 [DEBUG] server_session.cpp:23 | server session recv successful!!! msg : hello world. 3
2019-05-19 22:33:58,459 [DEBUG] cpsock.cpp:80 | send successful. content : hello world. 3
2019-05-19 22:33:58,459 [DEBUG] cpsock.cpp:53 | recv data : hello world. 5 len : 14
2019-05-19 22:33:58,463 [DEBUG] server_session.cpp:23 | server session recv successful!!! msg : hello world. 4
2019-05-19 22:34:08,470 [DEBUG] cpsock.cpp:80 | send successful. content : hello world. 4
2019-05-19 22:34:08,470 [DEBUG] cpsock.cpp:53 | recv data : hello world. 6 len : 14
2019-05-19 22:34:08,473 [DEBUG] server_session.cpp:23 | server session recv successful!!! msg : hello world. 5
2019-05-19 22:34:18,480 [DEBUG] cpsock.cpp:80 | send successful. content : hello world. 5
2019-05-19 22:34:18,480 [DEBUG] cpsock.cpp:53 | recv data : hello world. 7 len : 14
2019-05-19 22:34:18,484 [DEBUG] server_session.cpp:23 | server session recv successful!!! msg : hello world. 6
2019-05-19 22:34:28,492 [DEBUG] cpsock.cpp:80 | send successful. content : hello world. 6
2019-05-19 22:34:28,492 [DEBUG] cpsock.cpp:53 | recv data : hello world. 8 len : 14
2019-05-19 22:34:28,496 [DEBUG] server_session.cpp:23 | server session recv successful!!! msg : hello world. 7
2019-05-19 22:34:38,506 [DEBUG] cpsock.cpp:80 | send successful. content : hello world. 7
2019-05-19 22:34:38,506 [DEBUG] cpsock.cpp:53 | recv data : hello world. 9 len : 14
2019-05-19 22:34:38,511 [DEBUG] server_session.cpp:23 | server session recv successful!!! msg : hello world. 8
2019-05-19 22:34:48,522 [DEBUG] cpsock.cpp:80 | send successful. content : hello world. 8
2019-05-19 22:34:48,522 [DEBUG] cpsock.cpp:53 | recv data : hello world. 10 len : 15
2019-05-19 22:34:48,526 [DEBUG] server_session.cpp:23 | server session recv successful!!! msg : hello world. 9
2019-05-19 22:34:58,534 [DEBUG] cpsock.cpp:80 | send successful. content : hello world. 9
2019-05-19 22:34:58,534 [DEBUG] cpsock.cpp:53 | recv data : hello world. 11 len : 15
2019-05-19 22:34:58,546 [DEBUG] server_session.cpp:23 | server session recv successful!!! msg : hello world. 10çUSERPROFILE=C:\Users\Administrator
2019-05-19 22:35:08,561 [DEBUG] cpsock.cpp:80 | send successful. content : hello world. 10çUSERPROFILE=C:\Users\Administrator
2019-05-19 22:35:08,561 [DEBUG] cpsock.cpp:53 | recv data : hello world. 12 len : 15
2019-05-19 22:35:08,567 [DEBUG] server_session.cpp:23 | server session recv successful!!! msg : hello world. 11çUSERPROFILE=C:\Users\Administrator
2019-05-19 22:35:18,579 [DEBUG] cpsock.cpp:80 | send successful. content : hello world. 11çUSERPROFILE=C:\Users\Administrator
2019-05-19 22:35:18,579 [DEBUG] cpsock.cpp:53 | recv data : hello world. 13 len : 15
2019-05-19 22:35:18,585 [DEBUG] server_session.cpp:23 | server session recv successful!!! msg : hello world. 12çUSERPROFILE=C:\Users\Administrator
2019-05-19 22:35:28,599 [DEBUG] cpsock.cpp:80 | send successful. content : hello world. 12çUSERPROFILE=C:\Users\Administrator
2019-05-19 22:35:28,599 [DEBUG] cpsock.cpp:53 | recv data : hello world. 14 len : 15
2019-05-19 22:35:28,605 [DEBUG] server_session.cpp:23 | server session recv successful!!! msg : hello world. 13çUSERPROFILE=C:\Users\Administrator
2019-05-19 22:35:38,618 [DEBUG] cpsock.cpp:80 | send successful. content : hello world. 13çUSERPROFILE=C:\Users\Administrator
2019-05-19 22:35:38,619 [DEBUG] cpsock.cpp:53 | recv data : hello world. 15 len : 15
2019-05-19 22:35:38,623 [DEBUG] server_session.cpp:23 | server session recv successful!!! msg : hello world. 14çUSERPROFILE=C:\Users\Administrator
2019-05-19 22:35:48,634 [DEBUG] cpsock.cpp:80 | send successful. content : hello world. 14çUSERPROFILE=C:\Users\Administrator
2019-05-19 22:35:48,634 [DEBUG] cpsock.cpp:53 | recv data : hello world. 16 len : 15
2019-05-19 22:35:48,639 [DEBUG] server_session.cpp:23 | server session recv successful!!! msg : hello world. 15çUSERPROFILE=C:\Users\Administrator
2019-05-19 22:35:58,655 [DEBUG] cpsock.cpp:80 | send successful. content : hello world. 15çUSERPROFILE=C:\Users\Administrator
2019-05-19 22:35:58,655 [DEBUG] cpsock.cpp:53 | recv data : hello world. 17 len : 15
2019-05-19 22:35:58,660 [DEBUG] server_session.cpp:23 | server session recv successful!!! msg : hello world. 16çUSERPROFILE=C:\Users\Administrator
2019-05-19 22:36:08,670 [DEBUG] cpsock.cpp:80 | send successful. content : hello world. 16çUSERPROFILE=C:\Users\Administrator
2019-05-19 22:36:08,670 [DEBUG] cpsock.cpp:53 | recv data : hello world. 18 len : 15
2019-05-19 22:36:08,676 [DEBUG] server_session.cpp:23 | server session recv successful!!! msg : hello world. 17çUSERPROFILE=C:\Users\Administrator
2019-05-19 22:36:18,690 [DEBUG] cpsock.cpp:80 | send successful. content : hello world. 17çUSERPROFILE=C:\Users\Administrator
2019-05-19 22:36:18,691 [DEBUG] cpsock.cpp:53 | recv data : hello world. 19 len : 15
2019-05-19 22:36:18,695 [DEBUG] server_session.cpp:23 | server session recv successful!!! msg : hello world. 18çUSERPROFILE=C:\Users\Administrator
2019-05-19 22:36:28,705 [DEBUG] cpsock.cpp:80 | send successful. content : hello world. 18çUSERPROFILE=C:\Users\Administrator
2019-05-19 22:36:28,705 [DEBUG] cpsock.cpp:53 | recv data : hello world. 20 len : 15
2019-05-19 22:36:28,711 [DEBUG] server_session.cpp:23 | server session recv successful!!! msg : hello world. 19çUSERPROFILE=C:\Users\Administrator
2019-05-19 22:36:38,721 [DEBUG] cpsock.cpp:53 | recv data : hello world. 21 len : 15
2019-05-19 22:36:38,721 [DEBUG] cpsock.cpp:80 | send successful. content : hello world. 19çUSERPROFILE=C:\Users\Administrator
2019-05-19 22:36:38,751 [DEBUG] server_session.cpp:23 | server session recv successful!!! msg : hello world. 20çUSERPROFILE=C:\Users\Administrator
2019-05-19 22:36:48,759 [DEBUG] cpsock.cpp:80 | send successful. content : hello world. 20çUSERPROFILE=C:\Users\Administrator
2019-05-19 22:36:48,759 [DEBUG] cpsock.cpp:53 | recv data : hello world. 22 len : 15
2019-05-19 22:36:48,764 [DEBUG] server_session.cpp:23 | server session recv successful!!! msg : hello world. 21çUSERPROFILE=C:\Users\Administrator
2019-05-19 22:36:58,775 [DEBUG] cpsock.cpp:80 | send successful. content : hello world. 21çUSERPROFILE=C:\Users\Administrator
2019-05-19 22:36:58,775 [DEBUG] cpsock.cpp:53 | recv data : hello world. 23 len : 15
2019-05-19 22:36:58,781 [DEBUG] server_session.cpp:23 | server session recv successful!!! msg : hello world. 22çUSERPROFILE=C:\Users\Administrator
2019-05-19 22:37:08,792 [DEBUG] cpsock.cpp:80 | send successful. content : hello world. 22çUSERPROFILE=C:\Users\Administrator
2019-05-19 22:37:08,792 [DEBUG] cpsock.cpp:53 | recv data : hello world. 24 len : 15
2019-05-19 22:37:08,797 [DEBUG] server_session.cpp:23 | server session recv successful!!! msg : hello world. 23çUSERPROFILE=C:\Users\Administrator
2019-05-19 22:37:18,807 [DEBUG] cpsock.cpp:53 | recv data : hello world. 25 len : 15
2019-05-19 22:37:18,807 [DEBUG] cpsock.cpp:80 | send successful. content : hello world. 23çUSERPROFILE=C:\Users\Administrator
2019-05-19 22:37:18,819 [DEBUG] server_session.cpp:23 | server session recv successful!!! msg : hello world. 24çUSERPROFILE=C:\Users\Administrator
2019-05-19 22:37:28,825 [DEBUG] cpsock.cpp:80 | send successful. content : hello world. 24çUSERPROFILE=C:\Users\Administrator
2019-05-19 22:37:28,826 [DEBUG] cpsock.cpp:53 | recv data : hello world. 26 len : 15
2019-05-19 22:37:28,831 [DEBUG] server_session.cpp:23 | server session recv successful!!! msg : hello world. 25çUSERPROFILE=C:\Users\Administrator
2019-05-19 22:41:28,940 [DEBUG] main.cpp:12 | test
2019-05-19 22:41:34,318 [TRACE] listener.cpp:73 | accept successful!!!
2019-05-19 22:41:34,322 [TRACE] listener.cpp:109 | local ip : 2.0.31.153 port : 8089
2019-05-19 22:41:34,326 [TRACE] listener.cpp:112 | remote ip : 2.0.196.76 port : 50252
2019-05-19 22:41:34,330 [DEBUG] cpsock.cpp:53 | recv data : hello world. len : 12
2019-05-19 22:41:34,330 [DEBUG] cpsock.cpp:80 | send successful. content : hello world.
2019-05-19 22:41:34,333 [DEBUG] cpsock.cpp:53 | recv data : hello world. 0 len : 14
2019-05-19 22:41:34,335 [DEBUG] server_session.cpp:23 | server session recv successful!!! msg : hello world.A
2019-05-19 22:41:44,345 [DEBUG] cpsock.cpp:80 | send successful. content : hello world.A
2019-05-19 22:41:44,360 [DEBUG] cpsock.cpp:53 | recv data : hello world. 1 len : 14
2019-05-19 22:41:44,380 [DEBUG] server_session.cpp:23 | server session recv successful!!! msg : hello world. 0
2019-05-19 22:41:54,389 [DEBUG] cpsock.cpp:80 | send successful. content : hello world. 0
2019-05-19 22:41:54,389 [DEBUG] cpsock.cpp:53 | recv data : hello world. 2 len : 14
2019-05-19 22:41:54,393 [DEBUG] server_session.cpp:23 | server session recv successful!!! msg : hello world. 1
2019-05-19 22:41:59,307 [ERROR] iocpctrl.cpp:74 | GetQueuedCompletionStatus failed. ret : 0 error : 64
2019-05-19 22:54:32,912 [DEBUG] main.cpp:12 | test
2019-05-19 22:54:38,905 [TRACE] listener.cpp:73 | accept successful!!!
2019-05-19 22:54:38,908 [TRACE] listener.cpp:109 | local ip : 2.0.31.153 port : 8089
2019-05-19 22:54:38,911 [TRACE] listener.cpp:112 | remote ip : 2.0.197.80 port : 50512
2019-05-19 22:54:38,915 [DEBUG] cpsock.cpp:53 | recv data : hello world. len : 12
2019-05-19 22:54:38,915 [DEBUG] cpsock.cpp:80 | send successful. content : hello world.
2019-05-19 22:54:38,918 [DEBUG] server_session.cpp:23 | server session recv successful!!! msg : hello world.
2019-05-19 22:54:48,924 [DEBUG] cpsock.cpp:80 | send successful. content : hello world.
2019-05-19 22:56:55,962 [ERROR] iocpctrl.cpp:74 | GetQueuedCompletionStatus failed. ret : 0 error : 64
2019-05-19 22:57:20,982 [DEBUG] main.cpp:12 | test
2019-05-19 22:57:25,375 [TRACE] listener.cpp:73 | accept successful!!!
2019-05-19 22:57:25,378 [TRACE] listener.cpp:109 | local ip : 2.0.31.153 port : 8089
2019-05-19 22:57:25,385 [TRACE] listener.cpp:112 | remote ip : 2.0.197.201 port : 50633
2019-05-19 22:57:35,871 [DEBUG] cpsock.cpp:53 | recv data : hello world. len : 12
2019-05-19 22:57:35,871 [DEBUG] cpsock.cpp:80 | send successful. content : hello world.
2019-05-19 22:57:41,11 [DEBUG] server_session.cpp:23 | server session recv successful!!! msg : hello world.
2019-05-19 22:58:05,919 [DEBUG] main.cpp:12 | test
2019-05-19 22:58:09,872 [TRACE] listener.cpp:73 | accept successful!!!
2019-05-19 22:58:09,875 [TRACE] listener.cpp:109 | local ip : 2.0.31.153 port : 8089
2019-05-19 22:58:09,878 [TRACE] listener.cpp:112 | remote ip : 2.0.198.35 port : 50723
2019-05-19 22:58:41,912 [DEBUG] main.cpp:12 | test
2019-05-19 22:58:49,830 [TRACE] listener.cpp:73 | accept successful!!!
2019-05-19 22:58:49,834 [TRACE] listener.cpp:109 | local ip : 2.0.31.153 port : 8089
2019-05-19 22:58:49,836 [TRACE] listener.cpp:112 | remote ip : 2.0.198.125 port : 50813
2019-05-19 22:59:05,936 [DEBUG] cpsock.cpp:53 | recv data : hello world. len : 12
2019-05-19 22:59:05,936 [DEBUG] cpsock.cpp:80 | send successful. content : hello world.
2019-05-19 22:59:08,839 [DEBUG] server_session.cpp:23 | server session recv successful!!! msg : hello world.
2019-05-19 22:59:19,421 [DEBUG] main.cpp:12 | test
2019-05-19 22:59:23,482 [TRACE] listener.cpp:73 | accept successful!!!
2019-05-19 22:59:23,486 [TRACE] listener.cpp:109 | local ip : 2.0.31.153 port : 8089
2019-05-19 22:59:23,490 [TRACE] listener.cpp:112 | remote ip : 2.0.198.199 port : 50887
2019-05-19 22:59:48,51 [DEBUG] main.cpp:12 | test
2019-05-19 22:59:51,427 [TRACE] listener.cpp:73 | accept successful!!!
2019-05-19 22:59:51,430 [TRACE] listener.cpp:108 | local ip : 2.0.31.153 port : 8089
2019-05-19 22:59:51,433 [TRACE] listener.cpp:111 | remote ip : 2.0.199.34 port : 50978
2019-05-19 22:59:58,3 [DEBUG] cpsock.cpp:53 | recv data : hello world. len : 12
