d:\c++ code\algorithm\c++ primer\debug\vc140.pdb
d:\c++ code\algorithm\c++ primer\debug\vc140.idb
d:\c++code\algorithm\c++ primer\debug\vc140.pdb
d:\c++code\algorithm\c++ primer\debug\vc140.idb
d:\c++code\algorithm\c++ primer\debug\main.obj
d:\c++code\algorithm\c++ primer\debug\string.obj
d:\c++ code\algorithm\debug\c++ primer.ilk
d:\c++ code\algorithm\debug\c++ primer.exe
d:\c++ code\algorithm\debug\c++ primer.pdb
d:\c++code\algorithm\debug\c++ primer.ilk
d:\c++code\algorithm\debug\c++ primer.exe
d:\c++code\algorithm\debug\c++ primer.pdb
d:\c++code\robot\c++ primer\debug\main.obj
d:\c++code\robot\c++ primer\debug\string.obj
d:\c++code\robot\c++ primer\debug\main.new.obj.enc
d:\c++code\robot\c++ primer\debug\vc140.idb
d:\c++code\robot\c++ primer\debug\vc140.pdb
d:\c++code\robot\debug\c++ primer.pdb
d:\c++code\robot\debug\c++ primer.exe
d:\c++code\robot\debug\c++ primer.ilk
d:\c++code\robot\c++ primer\debug\c++ primer.tlog\cl.command.1.tlog
d:\c++code\robot\c++ primer\debug\c++ primer.tlog\cl.read.1.tlog
d:\c++code\robot\c++ primer\debug\c++ primer.tlog\cl.write.1.tlog
d:\c++code\robot\c++ primer\debug\c++ primer.tlog\link.command.1.tlog
d:\c++code\robot\c++ primer\debug\c++ primer.tlog\link.read.1.tlog
d:\c++code\robot\c++ primer\debug\c++ primer.tlog\link.write.1.tlog
